<?xml version="1.0" encoding="UTF-8"?>
<testsuites>
  <testsuite name="EnhancedRetrieval" tests="29" assertions="131" failures="0" errors="0" time="17.621222">
    <testsuite name="TestER" file="D:\MediaWiki\HaloSMWExtension\extensions\EnhancedRetrieval\tests\testcases\TestER.php" tests="1" assertions="1" failures="0" errors="0" time="0.047831">
      <testcase name="testMeFirst" class="TestER" file="D:\MediaWiki\HaloSMWExtension\extensions\EnhancedRetrieval\tests\testcases\TestER.php" line="20" assertions="1" time="0.047831"/>
    </testsuite>
    <testsuite name="" tests="28" assertions="130" failures="0" errors="0" time="17.573391">
      <testsuite name="TestSolrIndexer" file="D:\MediaWiki\HaloSMWExtension\extensions\EnhancedRetrieval\tests\testcases\TestFacetedSearchIndexer.php" tests="13" assertions="16" failures="0" errors="0" time="4.297796">
        <testsuite name="TestSolrIndexer::testIndexerFactory" tests="9" assertions="10" failures="0" errors="0" time="0.113153">
          <testcase name="testIndexerFactory with data set #0" assertions="2" time="0.106533"/>
          <testcase name="testIndexerFactory with data set #1" assertions="1" time="0.000946"/>
          <testcase name="testIndexerFactory with data set #2" assertions="1" time="0.001087"/>
          <testcase name="testIndexerFactory with data set #3" assertions="1" time="0.000867"/>
          <testcase name="testIndexerFactory with data set #4" assertions="1" time="0.000845"/>
          <testcase name="testIndexerFactory with data set #5" assertions="1" time="0.000847"/>
          <testcase name="testIndexerFactory with data set #6" assertions="1" time="0.000852"/>
          <testcase name="testIndexerFactory with data set #7" assertions="1" time="0.000580"/>
          <testcase name="testIndexerFactory with data set #8" assertions="1" time="0.000596"/>
        </testsuite>
        <testcase name="testSolrPresent" class="TestSolrIndexer" file="D:\MediaWiki\HaloSMWExtension\extensions\EnhancedRetrieval\tests\testcases\TestFacetedSearchIndexer.php" line="179" assertions="1" time="0.007070"/>
        <testcase name="testRawQuery" class="TestSolrIndexer" file="D:\MediaWiki\HaloSMWExtension\extensions\EnhancedRetrieval\tests\testcases\TestFacetedSearchIndexer.php" line="188" assertions="1" time="0.004612"/>
        <testcase name="testCreateFullIndex" class="TestSolrIndexer" file="D:\MediaWiki\HaloSMWExtension\extensions\EnhancedRetrieval\tests\testcases\TestFacetedSearchIndexer.php" line="197" assertions="2" time="3.064434"/>
        <testcase name="testDeleteIndex" class="TestSolrIndexer" file="D:\MediaWiki\HaloSMWExtension\extensions\EnhancedRetrieval\tests\testcases\TestFacetedSearchIndexer.php" line="213" assertions="2" time="1.108526"/>
      </testsuite>
      <testsuite name="TestSolrFullIndexContent" file="D:\MediaWiki\HaloSMWExtension\extensions\EnhancedRetrieval\tests\testcases\TestFacetedSearchIndexer.php" tests="6" assertions="50" failures="0" errors="0" time="0.088712">
        <testsuite name="TestSolrFullIndexContent::testIndexContent" tests="6" assertions="50" failures="0" errors="0" time="0.088712">
          <testcase name="testIndexContent with data set #0" assertions="1" time="0.023328"/>
          <testcase name="testIndexContent with data set #1" assertions="10" time="0.008010"/>
          <testcase name="testIndexContent with data set #2" assertions="6" time="0.015453"/>
          <testcase name="testIndexContent with data set #3" assertions="6" time="0.006181"/>
          <testcase name="testIndexContent with data set #4" assertions="11" time="0.027007"/>
          <testcase name="testIndexContent with data set #5" assertions="16" time="0.008733"/>
        </testsuite>
      </testsuite>
      <testsuite name="TestSolrIncrementalIndex" file="D:\MediaWiki\HaloSMWExtension\extensions\EnhancedRetrieval\tests\testcases\TestFacetedSearchIndexer.php" tests="9" assertions="64" failures="0" errors="0" time="13.186884">
        <testsuite name="TestSolrIncrementalIndex::testChangePage" tests="9" assertions="64" failures="0" errors="0" time="13.186884">
          <testcase name="testChangePage with data set #0" assertions="6" time="0.998348"/>
          <testcase name="testChangePage with data set #1" assertions="7" time="1.102245"/>
          <testcase name="testChangePage with data set #2" assertions="6" time="0.965161"/>
          <testcase name="testChangePage with data set #3" assertions="8" time="1.388828"/>
          <testcase name="testChangePage with data set #4" assertions="7" time="1.447882"/>
          <testcase name="testChangePage with data set #5" assertions="13" time="1.178370"/>
          <testcase name="testChangePage with data set #6" assertions="8" time="2.159711"/>
          <testcase name="testChangePage with data set #7" assertions="1" time="2.231173"/>
          <testcase name="testChangePage with data set #8" assertions="8" time="1.715166"/>
        </testsuite>
      </testsuite>
    </testsuite>
  </testsuite>
</testsuites>
