<?xml version="1.0" encoding="UTF-8"?><testsuite time="125.253" tests="10" name="WebTest" failures="0" errors="0">
<!--
			This is an overview of the WebTest results in JUnit "standard" format.
			It doesn't present all the information available in WebTest reports but can be easily be integrated
			in reports of continuous integration tools like Cruise Control.
			-->
<testcase time="60.953" name="CheckTransclusion" classname="WebTest"/>
<testcase time="11.437" name="HiddenInstanceOfSubcat" classname="WebTest"/>
<testcase time="7.11" name="Preloading as NormalUser: HiddenPage" classname="WebTest"/>
<testcase time="7.188" name="Preloading as RestrictedUser: HiddenPage" classname="WebTest"/>
<testcase time="6.282" name="Preloading as NormalUser: HiddenInstance" classname="WebTest"/>
<testcase time="6.391" name="Preloading as RestrictedUser: HiddenInstance" classname="WebTest"/>
<testcase time="7" name="Preloading as NormalUser: HiddenInstanceOfSubcat" classname="WebTest"/>
<testcase time="6.641" name="Preloading as RestrictedUser: HiddenInstanceOfSubcat" classname="WebTest"/>
<testcase time="5.969" name="Preloading as NormalUser: User:HiddenUser" classname="WebTest"/>
<testcase time="6.282" name="Preloading as RestrictedUser: User:HiddenUser" classname="WebTest"/>
</testsuite>
