<?xml version="1.0" encoding="UTF-8"?>
<testsuites>
  <testsuite name="Collaboration" tests="1" assertions="1" failures="0" errors="0" time="0.065590">
    <testsuite name="TestCE" file="C:\Users\langguth\htdocs\HaloSMWExtension\extensions\Collaboration\tests\testcases\TestCE.php" tests="1" assertions="1" failures="0" errors="0" time="0.065590">
      <testcase name="testMeFirst" class="TestCE" file="C:\Users\langguth\htdocs\HaloSMWExtension\extensions\Collaboration\tests\testcases\TestCE.php" line="20" assertions="1" time="0.065590"/>
    </testsuite>
  </testsuite>
</testsuites>
