<?xml version="1.0" encoding="UTF-8"?>
<testsuites>
  <testsuite name="EnhancedRetrieval" tests="29" assertions="131" failures="0" errors="0" time="15.233778">
    <testsuite name="TestER" file="D:\MediaWiki\HaloSMWExtension\extensions\EnhancedRetrieval\tests\testcases\TestER.php" tests="1" assertions="1" failures="0" errors="0" time="0.035141">
      <testcase name="testMeFirst" class="TestER" file="D:\MediaWiki\HaloSMWExtension\extensions\EnhancedRetrieval\tests\testcases\TestER.php" line="20" assertions="1" time="0.035141"/>
    </testsuite>
    <testsuite name="" tests="28" assertions="130" failures="0" errors="0" time="15.198637">
      <testsuite name="TestSolrIndexer" file="D:\MediaWiki\HaloSMWExtension\extensions\EnhancedRetrieval\tests\testcases\TestFacetedSearchIndexer.php" tests="13" assertions="16" failures="0" errors="0" time="3.236348">
        <testsuite name="TestSolrIndexer::testIndexerFactory" tests="9" assertions="10" failures="0" errors="0" time="0.039888">
          <testcase name="testIndexerFactory with data set #0" assertions="2" time="0.032062"/>
          <testcase name="testIndexerFactory with data set #1" assertions="1" time="0.001770"/>
          <testcase name="testIndexerFactory with data set #2" assertions="1" time="0.000840"/>
          <testcase name="testIndexerFactory with data set #3" assertions="1" time="0.000828"/>
          <testcase name="testIndexerFactory with data set #4" assertions="1" time="0.000815"/>
          <testcase name="testIndexerFactory with data set #5" assertions="1" time="0.001033"/>
          <testcase name="testIndexerFactory with data set #6" assertions="1" time="0.000860"/>
          <testcase name="testIndexerFactory with data set #7" assertions="1" time="0.000839"/>
          <testcase name="testIndexerFactory with data set #8" assertions="1" time="0.000841"/>
        </testsuite>
        <testcase name="testSolrPresent" class="TestSolrIndexer" file="D:\MediaWiki\HaloSMWExtension\extensions\EnhancedRetrieval\tests\testcases\TestFacetedSearchIndexer.php" line="179" assertions="1" time="0.009924"/>
        <testcase name="testRawQuery" class="TestSolrIndexer" file="D:\MediaWiki\HaloSMWExtension\extensions\EnhancedRetrieval\tests\testcases\TestFacetedSearchIndexer.php" line="188" assertions="1" time="0.005521"/>
        <testcase name="testCreateFullIndex" class="TestSolrIndexer" file="D:\MediaWiki\HaloSMWExtension\extensions\EnhancedRetrieval\tests\testcases\TestFacetedSearchIndexer.php" line="197" assertions="2" time="2.035240"/>
        <testcase name="testDeleteIndex" class="TestSolrIndexer" file="D:\MediaWiki\HaloSMWExtension\extensions\EnhancedRetrieval\tests\testcases\TestFacetedSearchIndexer.php" line="213" assertions="2" time="1.145775"/>
      </testsuite>
      <testsuite name="TestSolrFullIndexContent" file="D:\MediaWiki\HaloSMWExtension\extensions\EnhancedRetrieval\tests\testcases\TestFacetedSearchIndexer.php" tests="6" assertions="50" failures="0" errors="0" time="0.076769">
        <testsuite name="TestSolrFullIndexContent::testIndexContent" tests="6" assertions="50" failures="0" errors="0" time="0.076769">
          <testcase name="testIndexContent with data set #0" assertions="1" time="0.029538"/>
          <testcase name="testIndexContent with data set #1" assertions="10" time="0.007887"/>
          <testcase name="testIndexContent with data set #2" assertions="6" time="0.009113"/>
          <testcase name="testIndexContent with data set #3" assertions="6" time="0.006472"/>
          <testcase name="testIndexContent with data set #4" assertions="11" time="0.014627"/>
          <testcase name="testIndexContent with data set #5" assertions="16" time="0.009132"/>
        </testsuite>
      </testsuite>
      <testsuite name="TestSolrIncrementalIndex" file="D:\MediaWiki\HaloSMWExtension\extensions\EnhancedRetrieval\tests\testcases\TestFacetedSearchIndexer.php" tests="9" assertions="64" failures="0" errors="0" time="11.885520">
        <testsuite name="TestSolrIncrementalIndex::testChangePage" tests="9" assertions="64" failures="0" errors="0" time="11.885520">
          <testcase name="testChangePage with data set #0" assertions="6" time="0.901077"/>
          <testcase name="testChangePage with data set #1" assertions="7" time="0.830530"/>
          <testcase name="testChangePage with data set #2" assertions="6" time="1.022853"/>
          <testcase name="testChangePage with data set #3" assertions="8" time="0.864976"/>
          <testcase name="testChangePage with data set #4" assertions="7" time="1.304978"/>
          <testcase name="testChangePage with data set #5" assertions="13" time="0.950270"/>
          <testcase name="testChangePage with data set #6" assertions="8" time="1.911991"/>
          <testcase name="testChangePage with data set #7" assertions="1" time="2.255782"/>
          <testcase name="testChangePage with data set #8" assertions="8" time="1.843063"/>
        </testsuite>
      </testsuite>
    </testsuite>
  </testsuite>
</testsuites>
